<?xml version="1.0" encoding="UTF-8"?>
<testng-results skipped="0" failed="0" total="1" passed="1">
  <reporter-output>
  </reporter-output>
  <suite name="Default suite" duration-ms="2004" started-at="2018-11-15T20:32:47Z" finished-at="2018-11-15T20:32:49Z">
    <groups>
    </groups>
    <test name="Default test" duration-ms="2004" started-at="2018-11-15T20:32:47Z" finished-at="2018-11-15T20:32:49Z">
      <class name="com.qa.test.PostAPITest">
        <test-method status="PASS" signature="setUp()[pri:0, instance:com.qa.test.PostAPITest@51efea79]" name="setUp" is-config="true" duration-ms="25" started-at="2018-11-15T20:32:47Z" finished-at="2018-11-15T20:32:47Z">
          <reporter-output>
          </reporter-output>
        </test-method> <!-- setUp -->
        <test-method status="PASS" signature="postAPITest()[pri:0, instance:com.qa.test.PostAPITest@51efea79]" name="postAPITest" duration-ms="1951" started-at="2018-11-15T20:32:47Z" finished-at="2018-11-15T20:32:49Z">
          <reporter-output>
          </reporter-output>
        </test-method> <!-- postAPITest -->
      </class> <!-- com.qa.test.PostAPITest -->
    </test> <!-- Default test -->
  </suite> <!-- Default suite -->
</testng-results>
